\BOOKMARK [1][-]{section.1}{Histoire.}{}% 1
\BOOKMARK [2][-]{subsection.1.1}{Origines.}{section.1}% 2
\BOOKMARK [2][-]{subsection.1.2}{Arriv\351e des premiers ordinateurs.}{section.1}% 3
\BOOKMARK [3][-]{subsubsection.1.2.1}{Premi\350res concr\351tisations d'intelligences artificielles:}{subsection.1.2}% 4
\BOOKMARK [2][-]{subsection.1.3}{Officialisation.}{section.1}% 5
\BOOKMARK [2][-]{subsection.1.4}{L'\342ge d'or \(1956-1974\).}{section.1}% 6
\BOOKMARK [2][-]{subsection.1.5}{L'hiver de l'IA \(1974-1980\).}{section.1}% 7
\BOOKMARK [2][-]{subsection.1.6}{Le retour en force \(1980-1987\).}{section.1}% 8
\BOOKMARK [2][-]{subsection.1.7}{Le nouvel hiver \(1987-1993\).}{section.1}% 9
\BOOKMARK [2][-]{subsection.1.8}{Depuis 1993.}{section.1}% 10
\BOOKMARK [1][-]{section.2}{L'Approche Logique.}{}% 11
\BOOKMARK [2][-]{subsection.2.1}{Les bases de la logique}{section.2}% 12
\BOOKMARK [3][-]{subsubsection.2.1.1}{Introduction \340 la logique propositionnelle.}{subsection.2.1}% 13
\BOOKMARK [3][-]{subsubsection.2.1.2}{Un peu de vocabulaire!}{subsection.2.1}% 14
\BOOKMARK [3][-]{subsubsection.2.1.3}{Pour quelques exemples de plus...}{subsection.2.1}% 15
\BOOKMARK [3][-]{subsubsection.2.1.4}{Quelques tables de v\351rit\351.}{subsection.2.1}% 16
\BOOKMARK [3][-]{subsubsection.2.1.5}{R\351solution de probl\350mes en logique propositionnelle.}{subsection.2.1}% 17
\BOOKMARK [2][-]{subsection.2.2}{Les ensembles de propositions.}{section.2}% 18
\BOOKMARK [3][-]{subsubsection.2.2.1}{Le besoin d'algorithme, pr\351sentation de l'algorithme de Quine.}{subsection.2.2}% 19
\BOOKMARK [2][-]{subsection.2.3}{Une logique? Des logiques!}{section.2}% 20
\BOOKMARK [2][-]{subsection.2.4}{Introduction \340 Prolog et \340 la logique des Pr\351dicats.}{section.2}% 21
\BOOKMARK [3][-]{subsubsection.2.4.1}{Exemples.}{subsection.2.4}% 22
\BOOKMARK [3][-]{subsubsection.2.4.2}{Qu'est-ce que PROLOG?}{subsection.2.4}% 23
\BOOKMARK [3][-]{subsubsection.2.4.3}{Introduction \340 la syntaxe de Prolog}{subsection.2.4}% 24
\BOOKMARK [3][-]{subsubsection.2.4.4}{Mon arbre familial, avec Prolog!}{subsection.2.4}% 25
\BOOKMARK [1][-]{section.3}{L'approche algorithmique.}{}% 26
\BOOKMARK [2][-]{subsection.3.1}{Qu'est-ce qu'un algorithme?}{section.3}% 27
\BOOKMARK [3][-]{subsubsection.3.1.1}{La complexit\351 des algorithmes}{subsection.3.1}% 28
\BOOKMARK [2][-]{subsection.3.2}{Pr\351sentation de structures de donn\351es de base}{section.3}% 29
\BOOKMARK [3][-]{subsubsection.3.2.1}{Les listes simplement cha\356n\351es.}{subsection.3.2}% 30
\BOOKMARK [3][-]{subsubsection.3.2.2}{Les tableaux.}{subsection.3.2}% 31
\BOOKMARK [3][-]{subsubsection.3.2.3}{Tableaux vs Listes simplement cha\356n\351es.}{subsection.3.2}% 32
\BOOKMARK [3][-]{subsubsection.3.2.4}{Les tables de hachages.}{subsection.3.2}% 33
\BOOKMARK [3][-]{subsubsection.3.2.5}{Promenons-nous dans les bois.}{subsection.3.2}% 34
\BOOKMARK [2][-]{subsection.3.3}{Qu'est-ce que Lisp?}{section.3}% 35
\BOOKMARK [3][-]{subsubsection.3.3.1}{Les bases de Lisp.}{subsection.3.3}% 36
\BOOKMARK [3][-]{subsubsection.3.3.2}{Programme Lisp pour r\351soudre parfaitement le jeu de Nim.}{subsection.3.3}% 37
\BOOKMARK [2][-]{subsection.3.4}{Le pathfinding.}{section.3}% 38
\BOOKMARK [3][-]{subsubsection.3.4.1}{Pr\351sentation du probl\350me.}{subsection.3.4}% 39
\BOOKMARK [3][-]{subsubsection.3.4.2}{L'algorithme de Dijkstra.}{subsection.3.4}% 40
\BOOKMARK [3][-]{subsubsection.3.4.3}{Le besoin d'heuristiques.}{subsection.3.4}% 41
\BOOKMARK [3][-]{subsubsection.3.4.4}{Dijkstra avec de l'heuristique: A*!}{subsection.3.4}% 42
\BOOKMARK [2][-]{subsection.3.5}{Des programmes et des jeux!}{section.3}% 43
\BOOKMARK [3][-]{subsubsection.3.5.1}{L'agorithme Minimax.}{subsection.3.5}% 44
\BOOKMARK [3][-]{subsubsection.3.5.2}{-\351lagage.}{subsection.3.5}% 45
\BOOKMARK [3][-]{subsubsection.3.5.3}{Du dynamisme bon sang!}{subsection.3.5}% 46
\BOOKMARK [2][-]{subsection.3.6}{Un programme de jeu.}{section.3}% 47
\BOOKMARK [1][-]{section.4}{Le Machine Learning.}{}% 48
\BOOKMARK [2][-]{subsection.4.1}{D\351finition du Machine Learning}{section.4}% 49
\BOOKMARK [2][-]{subsection.4.2}{Les Maths dans le Machine Leanring.}{section.4}% 50
\BOOKMARK [2][-]{subsection.4.3}{Les r\351saux de neurones}{section.4}% 51
\BOOKMARK [2][-]{subsection.4.4}{Intro au langage Python}{section.4}% 52
\BOOKMARK [3][-]{subsubsection.4.4.1}{Python 2:}{subsection.4.4}% 53
\BOOKMARK [3][-]{subsubsection.4.4.2}{Python 3:}{subsection.4.4}% 54
\BOOKMARK [3][-]{subsubsection.4.4.3}{Un programme d'exemple avec le second degr\351!}{subsection.4.4}% 55
